DEB [20250819-22:16:14.013] thr=1   paramiko.transport: starting thread (client mode): 0x560e23c0
DEB [20250819-22:16:14.013] thr=1   paramiko.transport: Local version/idstring: SSH-2.0-paramiko_3.5.1
DEB [20250819-22:16:14.217] thr=1   paramiko.transport: Remote version/idstring: SSH-2.0-OpenSSH_9.6p1 Ubuntu-3ubuntu13.13
INF [20250819-22:16:14.217] thr=1   paramiko.transport: Connected (version 2.0, client OpenSSH_9.6p1)
DEB [20250819-22:16:14.358] thr=1   paramiko.transport: === Key exchange possibilities ===
DEB [20250819-22:16:14.358] thr=1   paramiko.transport: kex algos: sntrup761x25519-sha512@openssh.com, curve25519-sha256, curve25519-sha256@libssh.org, ecdh-sha2-nistp256, ecdh-sha2-nistp384, ecdh-sha2-nistp521, diffie-hellman-group-exchange-sha256, diffie-hellman-group16-sha512, diffie-hellman-group18-sha512, diffie-hellman-group14-sha256, ext-info-s, kex-strict-s-v00@openssh.com
DEB [20250819-22:16:14.358] thr=1   paramiko.transport: server key: rsa-sha2-512, rsa-sha2-256, ecdsa-sha2-nistp256, ssh-ed25519
DEB [20250819-22:16:14.358] thr=1   paramiko.transport: client encrypt: chacha20-poly1305@openssh.com, aes128-ctr, aes192-ctr, aes256-ctr, aes128-gcm@openssh.com, aes256-gcm@openssh.com
DEB [20250819-22:16:14.358] thr=1   paramiko.transport: server encrypt: chacha20-poly1305@openssh.com, aes128-ctr, aes192-ctr, aes256-ctr, aes128-gcm@openssh.com, aes256-gcm@openssh.com
DEB [20250819-22:16:14.358] thr=1   paramiko.transport: client mac: umac-64-etm@openssh.com, umac-128-etm@openssh.com, hmac-sha2-256-etm@openssh.com, hmac-sha2-512-etm@openssh.com, hmac-sha1-etm@openssh.com, umac-64@openssh.com, umac-128@openssh.com, hmac-sha2-256, hmac-sha2-512, hmac-sha1
DEB [20250819-22:16:14.358] thr=1   paramiko.transport: server mac: umac-64-etm@openssh.com, umac-128-etm@openssh.com, hmac-sha2-256-etm@openssh.com, hmac-sha2-512-etm@openssh.com, hmac-sha1-etm@openssh.com, umac-64@openssh.com, umac-128@openssh.com, hmac-sha2-256, hmac-sha2-512, hmac-sha1
DEB [20250819-22:16:14.358] thr=1   paramiko.transport: client compress: none, zlib@openssh.com
DEB [20250819-22:16:14.358] thr=1   paramiko.transport: server compress: none, zlib@openssh.com
DEB [20250819-22:16:14.358] thr=1   paramiko.transport: client lang: <none>
DEB [20250819-22:16:14.358] thr=1   paramiko.transport: server lang: <none>
DEB [20250819-22:16:14.358] thr=1   paramiko.transport: kex follows: False
DEB [20250819-22:16:14.358] thr=1   paramiko.transport: === Key exchange agreements ===
DEB [20250819-22:16:14.358] thr=1   paramiko.transport: Strict kex mode: True
DEB [20250819-22:16:14.358] thr=1   paramiko.transport: Kex: curve25519-sha256@libssh.org
DEB [20250819-22:16:14.358] thr=1   paramiko.transport: HostKey: ssh-ed25519
DEB [20250819-22:16:14.358] thr=1   paramiko.transport: Cipher: aes128-ctr
DEB [20250819-22:16:14.358] thr=1   paramiko.transport: MAC: hmac-sha2-256
DEB [20250819-22:16:14.358] thr=1   paramiko.transport: Compression: none
DEB [20250819-22:16:14.358] thr=1   paramiko.transport: === End of kex handshake ===
DEB [20250819-22:16:14.525] thr=1   paramiko.transport: Resetting outbound seqno after NEWKEYS due to strict mode
DEB [20250819-22:16:14.525] thr=1   paramiko.transport: kex engine KexCurve25519 specified hash_algo <built-in function openssl_sha256>
DEB [20250819-22:16:14.526] thr=1   paramiko.transport: Switch to new keys ...
DEB [20250819-22:16:14.526] thr=1   paramiko.transport: Resetting inbound seqno after NEWKEYS due to strict mode
DEB [20250819-22:16:14.526] thr=2   paramiko.transport: Adding ssh-ed25519 host key for 74.179.81.132: b'ec4500edf7d1c18b89eb4c3079fcb4ac'
DEB [20250819-22:16:14.526] thr=1   paramiko.transport: Got EXT_INFO: {'server-sig-algs': b'ssh-ed25519,ecdsa-sha2-nistp256,ecdsa-sha2-nistp384,ecdsa-sha2-nistp521,sk-ssh-ed25519@openssh.com,sk-ecdsa-sha2-nistp256@openssh.com,rsa-sha2-512,rsa-sha2-256', 'publickey-hostbound@openssh.com': b'0', 'ping@openssh.com': b'0'}
DEB [20250819-22:16:14.848] thr=1   paramiko.transport: userauth is OK
INF [20250819-22:16:17.596] thr=1   paramiko.transport: Auth banner: b'Ubuntu 24.04.3 LTS\n\n\nWelcome to Azure VM\nAuthorized users: labssh\n'
INF [20250819-22:16:17.596] thr=1   paramiko.transport: Authentication (password) failed.
DEB [20250819-22:16:17.801] thr=3   paramiko.transport: starting thread (client mode): 0x5607bd90
DEB [20250819-22:16:17.801] thr=3   paramiko.transport: Local version/idstring: SSH-2.0-paramiko_3.5.1
DEB [20250819-22:16:17.951] thr=3   paramiko.transport: Remote version/idstring: SSH-2.0-OpenSSH_9.6p1 Ubuntu-3ubuntu13.13
INF [20250819-22:16:17.951] thr=3   paramiko.transport: Connected (version 2.0, client OpenSSH_9.6p1)
DEB [20250819-22:16:18.108] thr=3   paramiko.transport: === Key exchange possibilities ===
DEB [20250819-22:16:18.108] thr=3   paramiko.transport: kex algos: sntrup761x25519-sha512@openssh.com, curve25519-sha256, curve25519-sha256@libssh.org, ecdh-sha2-nistp256, ecdh-sha2-nistp384, ecdh-sha2-nistp521, diffie-hellman-group-exchange-sha256, diffie-hellman-group16-sha512, diffie-hellman-group18-sha512, diffie-hellman-group14-sha256, ext-info-s, kex-strict-s-v00@openssh.com
DEB [20250819-22:16:18.108] thr=3   paramiko.transport: server key: rsa-sha2-512, rsa-sha2-256, ecdsa-sha2-nistp256, ssh-ed25519
DEB [20250819-22:16:18.108] thr=3   paramiko.transport: client encrypt: chacha20-poly1305@openssh.com, aes128-ctr, aes192-ctr, aes256-ctr, aes128-gcm@openssh.com, aes256-gcm@openssh.com
DEB [20250819-22:16:18.108] thr=3   paramiko.transport: server encrypt: chacha20-poly1305@openssh.com, aes128-ctr, aes192-ctr, aes256-ctr, aes128-gcm@openssh.com, aes256-gcm@openssh.com
DEB [20250819-22:16:18.108] thr=3   paramiko.transport: client mac: umac-64-etm@openssh.com, umac-128-etm@openssh.com, hmac-sha2-256-etm@openssh.com, hmac-sha2-512-etm@openssh.com, hmac-sha1-etm@openssh.com, umac-64@openssh.com, umac-128@openssh.com, hmac-sha2-256, hmac-sha2-512, hmac-sha1
DEB [20250819-22:16:18.108] thr=3   paramiko.transport: server mac: umac-64-etm@openssh.com, umac-128-etm@openssh.com, hmac-sha2-256-etm@openssh.com, hmac-sha2-512-etm@openssh.com, hmac-sha1-etm@openssh.com, umac-64@openssh.com, umac-128@openssh.com, hmac-sha2-256, hmac-sha2-512, hmac-sha1
DEB [20250819-22:16:18.108] thr=3   paramiko.transport: client compress: none, zlib@openssh.com
DEB [20250819-22:16:18.108] thr=3   paramiko.transport: server compress: none, zlib@openssh.com
DEB [20250819-22:16:18.109] thr=3   paramiko.transport: client lang: <none>
DEB [20250819-22:16:18.109] thr=3   paramiko.transport: server lang: <none>
DEB [20250819-22:16:18.109] thr=3   paramiko.transport: kex follows: False
DEB [20250819-22:16:18.109] thr=3   paramiko.transport: === Key exchange agreements ===
DEB [20250819-22:16:18.109] thr=3   paramiko.transport: Strict kex mode: True
DEB [20250819-22:16:18.109] thr=3   paramiko.transport: Kex: curve25519-sha256@libssh.org
DEB [20250819-22:16:18.109] thr=3   paramiko.transport: HostKey: ssh-ed25519
DEB [20250819-22:16:18.109] thr=3   paramiko.transport: Cipher: aes128-ctr
DEB [20250819-22:16:18.109] thr=3   paramiko.transport: MAC: hmac-sha2-256
DEB [20250819-22:16:18.109] thr=3   paramiko.transport: Compression: none
DEB [20250819-22:16:18.109] thr=3   paramiko.transport: === End of kex handshake ===
DEB [20250819-22:16:18.313] thr=3   paramiko.transport: Resetting outbound seqno after NEWKEYS due to strict mode
DEB [20250819-22:16:18.313] thr=3   paramiko.transport: kex engine KexCurve25519 specified hash_algo <built-in function openssl_sha256>
DEB [20250819-22:16:18.313] thr=3   paramiko.transport: Switch to new keys ...
DEB [20250819-22:16:18.313] thr=3   paramiko.transport: Resetting inbound seqno after NEWKEYS due to strict mode
DEB [20250819-22:16:18.313] thr=3   paramiko.transport: Got EXT_INFO: {'server-sig-algs': b'ssh-ed25519,ecdsa-sha2-nistp256,ecdsa-sha2-nistp384,ecdsa-sha2-nistp521,sk-ssh-ed25519@openssh.com,sk-ecdsa-sha2-nistp256@openssh.com,rsa-sha2-512,rsa-sha2-256', 'publickey-hostbound@openssh.com': b'0', 'ping@openssh.com': b'0'}
DEB [20250819-22:16:18.723] thr=3   paramiko.transport: userauth is OK
INF [20250819-22:16:21.483] thr=3   paramiko.transport: Auth banner: b'Ubuntu 24.04.3 LTS\n\n\nWelcome to Azure VM\nAuthorized users: labssh\n'
INF [20250819-22:16:21.483] thr=3   paramiko.transport: Authentication (password) failed.
DEB [20250819-22:16:21.693] thr=4   paramiko.transport: starting thread (client mode): 0x55e88b90
DEB [20250819-22:16:21.693] thr=4   paramiko.transport: Local version/idstring: SSH-2.0-paramiko_3.5.1
DEB [20250819-22:16:21.898] thr=4   paramiko.transport: Remote version/idstring: SSH-2.0-OpenSSH_9.6p1 Ubuntu-3ubuntu13.13
INF [20250819-22:16:21.898] thr=4   paramiko.transport: Connected (version 2.0, client OpenSSH_9.6p1)
DEB [20250819-22:16:22.102] thr=4   paramiko.transport: === Key exchange possibilities ===
DEB [20250819-22:16:22.102] thr=4   paramiko.transport: kex algos: sntrup761x25519-sha512@openssh.com, curve25519-sha256, curve25519-sha256@libssh.org, ecdh-sha2-nistp256, ecdh-sha2-nistp384, ecdh-sha2-nistp521, diffie-hellman-group-exchange-sha256, diffie-hellman-group16-sha512, diffie-hellman-group18-sha512, diffie-hellman-group14-sha256, ext-info-s, kex-strict-s-v00@openssh.com
DEB [20250819-22:16:22.102] thr=4   paramiko.transport: server key: rsa-sha2-512, rsa-sha2-256, ecdsa-sha2-nistp256, ssh-ed25519
DEB [20250819-22:16:22.102] thr=4   paramiko.transport: client encrypt: chacha20-poly1305@openssh.com, aes128-ctr, aes192-ctr, aes256-ctr, aes128-gcm@openssh.com, aes256-gcm@openssh.com
DEB [20250819-22:16:22.102] thr=4   paramiko.transport: server encrypt: chacha20-poly1305@openssh.com, aes128-ctr, aes192-ctr, aes256-ctr, aes128-gcm@openssh.com, aes256-gcm@openssh.com
DEB [20250819-22:16:22.102] thr=4   paramiko.transport: client mac: umac-64-etm@openssh.com, umac-128-etm@openssh.com, hmac-sha2-256-etm@openssh.com, hmac-sha2-512-etm@openssh.com, hmac-sha1-etm@openssh.com, umac-64@openssh.com, umac-128@openssh.com, hmac-sha2-256, hmac-sha2-512, hmac-sha1
DEB [20250819-22:16:22.102] thr=4   paramiko.transport: server mac: umac-64-etm@openssh.com, umac-128-etm@openssh.com, hmac-sha2-256-etm@openssh.com, hmac-sha2-512-etm@openssh.com, hmac-sha1-etm@openssh.com, umac-64@openssh.com, umac-128@openssh.com, hmac-sha2-256, hmac-sha2-512, hmac-sha1
DEB [20250819-22:16:22.102] thr=4   paramiko.transport: client compress: none, zlib@openssh.com
DEB [20250819-22:16:22.102] thr=4   paramiko.transport: server compress: none, zlib@openssh.com
DEB [20250819-22:16:22.102] thr=4   paramiko.transport: client lang: <none>
DEB [20250819-22:16:22.102] thr=4   paramiko.transport: server lang: <none>
DEB [20250819-22:16:22.102] thr=4   paramiko.transport: kex follows: False
DEB [20250819-22:16:22.102] thr=4   paramiko.transport: === Key exchange agreements ===
DEB [20250819-22:16:22.102] thr=4   paramiko.transport: Strict kex mode: True
DEB [20250819-22:16:22.102] thr=4   paramiko.transport: Kex: curve25519-sha256@libssh.org
DEB [20250819-22:16:22.102] thr=4   paramiko.transport: HostKey: ssh-ed25519
DEB [20250819-22:16:22.102] thr=4   paramiko.transport: Cipher: aes128-ctr
DEB [20250819-22:16:22.102] thr=4   paramiko.transport: MAC: hmac-sha2-256
DEB [20250819-22:16:22.102] thr=4   paramiko.transport: Compression: none
DEB [20250819-22:16:22.102] thr=4   paramiko.transport: === End of kex handshake ===
DEB [20250819-22:16:22.242] thr=4   paramiko.transport: Resetting outbound seqno after NEWKEYS due to strict mode
DEB [20250819-22:16:22.242] thr=4   paramiko.transport: kex engine KexCurve25519 specified hash_algo <built-in function openssl_sha256>
DEB [20250819-22:16:22.242] thr=4   paramiko.transport: Switch to new keys ...
DEB [20250819-22:16:22.242] thr=4   paramiko.transport: Resetting inbound seqno after NEWKEYS due to strict mode
DEB [20250819-22:16:22.242] thr=4   paramiko.transport: Got EXT_INFO: {'server-sig-algs': b'ssh-ed25519,ecdsa-sha2-nistp256,ecdsa-sha2-nistp384,ecdsa-sha2-nistp521,sk-ssh-ed25519@openssh.com,sk-ecdsa-sha2-nistp256@openssh.com,rsa-sha2-512,rsa-sha2-256', 'publickey-hostbound@openssh.com': b'0', 'ping@openssh.com': b'0'}
DEB [20250819-22:16:22.716] thr=4   paramiko.transport: userauth is OK
INF [20250819-22:16:22.921] thr=4   paramiko.transport: Auth banner: b'Ubuntu 24.04.3 LTS\n\n\nWelcome to Azure VM\nAuthorized users: labssh\n'
INF [20250819-22:16:22.921] thr=4   paramiko.transport: Authentication (password) successful!
DEB [20250819-22:16:22.921] thr=2   paramiko.transport: [chan 0] Max packet in: 32768 bytes
DEB [20250819-22:16:23.740] thr=4   paramiko.transport: Received global request "hostkeys-00@openssh.com"
DEB [20250819-22:16:23.740] thr=4   paramiko.transport: Rejecting "hostkeys-00@openssh.com" global request from server.
DEB [20250819-22:16:23.945] thr=4   paramiko.transport: [chan 0] Max packet out: 32768 bytes
DEB [20250819-22:16:23.945] thr=4   paramiko.transport: Secsh channel 0 opened.
DEB [20250819-22:16:24.150] thr=4   paramiko.transport: [chan 0] Sesch channel 0 request ok
DEB [20250819-22:16:24.151] thr=4   paramiko.transport: [chan 0] EOF received (0)
DEB [20250819-22:16:24.151] thr=4   paramiko.transport: [chan 0] EOF sent (0)
DEB [20250819-22:16:24.252] thr=4   paramiko.transport: EOF in transport thread
